<?xml version="1.0" encoding="UTF-8"?>
<!-- Generated by org.testng.reporters.JUnitReportReporter -->
<testsuite hostname="Ranjithas-MacBook-Air.local" failures="0" tests="1" name="amazon.cart.tests.StandaloneScenarioMonitor" time="34.311" errors="0" timestamp="2024-04-18T21:04:03 IST" skipped="0">
  <testcase classname="amazon.cart.tests.StandaloneScenarioMonitor" name="addMonitorToCart" time="34.311"/>
</testsuite> <!-- amazon.cart.tests.StandaloneScenarioMonitor -->
