<?xml version="1.0" encoding="UTF-8"?>
<!-- Generated by org.testng.reporters.JUnitReportReporter -->
<testsuite hostname="Ranjithas-MacBook-Air.local" failures="0" tests="1" name="amazon.cart.tests.StandaloneScenarioHeadPhoneKeyboard" time="40.029" errors="0" timestamp="2024-04-18T21:05:37 IST" skipped="0">
  <testcase classname="amazon.cart.tests.StandaloneScenarioHeadPhoneKeyboard" name="addTwoProdsToCart" time="40.029"/>
</testsuite> <!-- amazon.cart.tests.StandaloneScenarioHeadPhoneKeyboard -->
