<?xml version="1.0" encoding="UTF-8"?>
<!-- Generated by org.testng.reporters.JUnitReportReporter -->
<testsuite hostname="Ranjithas-MacBook-Air.local" failures="0" tests="1" name="amazon.cart.tests.Rough" time="54.367" errors="0" timestamp="2024-04-21T22:51:23 IST" skipped="0">
  <testcase classname="amazon.cart.tests.Rough" name="addTwoProdsToCart" time="54.367"/>
</testsuite> <!-- amazon.cart.tests.Rough -->
