<?xml version="1.0" encoding="UTF-8"?>
<!-- Generated by org.testng.reporters.JUnitReportReporter -->
<testsuite hostname="Ranjithas-MacBook-Air.local" failures="0" tests="3" name="TestRunner.TestNGTestRunner" time="111.648" errors="0" timestamp="2024-04-21T23:40:32 IST" skipped="0">
  <testcase classname="TestRunner.TestNGTestRunner" name="runScenario" time="31.487"/>
  <testcase classname="TestRunner.TestNGTestRunner" name="runScenario" time="32.625"/>
  <testcase classname="TestRunner.TestNGTestRunner" name="runScenario" time="47.536"/>
</testsuite> <!-- TestRunner.TestNGTestRunner -->
